This is pdfTeX, Version 3.14159265-2.6-1.40.20 (MiKTeX 2.9.7200 64-bit) (preloaded format=pdflatex 2019.10.1)  21 NOV 2020 22:32
entering extended mode
**"./Salt Analysis.tex"
("Salt Analysis.tex"
LaTeX2e <2018-12-01>
("C:\Program Files\MiKTeX 2.9\tex/latex/base\article.cls"
Document Class: article 2018/09/03 v1.4i Standard LaTeX document class
("C:\Program Files\MiKTeX 2.9\tex/latex/base\size10.clo"
File: size10.clo 2018/09/03 v1.4i Standard LaTeX file (size option)
)
\c@part=\count80
\c@section=\count81
\c@subsection=\count82
\c@subsubsection=\count83
\c@paragraph=\count84
\c@subparagraph=\count85
\c@figure=\count86
\c@table=\count87
\abovecaptionskip=\skip41
\belowcaptionskip=\skip42
\bibindent=\dimen102
)
("C:\Program Files\MiKTeX 2.9\tex/latex/amsmath\amsmath.sty"
Package: amsmath 2018/12/01 v2.17b AMS math features
\@mathmargin=\skip43

For additional information on amsmath, use the `?' option.
("C:\Program Files\MiKTeX 2.9\tex/latex/amsmath\amstext.sty"
Package: amstext 2000/06/29 v2.01 AMS text

("C:\Program Files\MiKTeX 2.9\tex/latex/amsmath\amsgen.sty"
File: amsgen.sty 1999/11/30 v2.0 generic functions
\@emptytoks=\toks14
\ex@=\dimen103
))
("C:\Program Files\MiKTeX 2.9\tex/latex/amsmath\amsbsy.sty"
Package: amsbsy 1999/11/29 v1.2d Bold Symbols
\pmbraise@=\dimen104
)
("C:\Program Files\MiKTeX 2.9\tex/latex/amsmath\amsopn.sty"
Package: amsopn 2016/03/08 v2.02 operator names
)
\inf@bad=\count88
LaTeX Info: Redefining \frac on input line 223.
\uproot@=\count89
\leftroot@=\count90
LaTeX Info: Redefining \overline on input line 385.
\classnum@=\count91
\DOTSCASE@=\count92
LaTeX Info: Redefining \ldots on input line 482.
LaTeX Info: Redefining \dots on input line 485.
LaTeX Info: Redefining \cdots on input line 606.
\Mathstrutbox@=\box27
\strutbox@=\box28
\big@size=\dimen105
LaTeX Font Info:    Redeclaring font encoding OML on input line 729.
LaTeX Font Info:    Redeclaring font encoding OMS on input line 730.
\macc@depth=\count93
\c@MaxMatrixCols=\count94
\dotsspace@=\muskip10
\c@parentequation=\count95
\dspbrk@lvl=\count96
\tag@help=\toks15
\row@=\count97
\column@=\count98
\maxfields@=\count99
\andhelp@=\toks16
\eqnshift@=\dimen106
\alignsep@=\dimen107
\tagshift@=\dimen108
\tagwidth@=\dimen109
\totwidth@=\dimen110
\lineht@=\dimen111
\@envbody=\toks17
\multlinegap=\skip44
\multlinetaggap=\skip45
\mathdisplay@stack=\toks18
LaTeX Info: Redefining \[ on input line 2844.
LaTeX Info: Redefining \] on input line 2845.
)
("C:\Program Files\MiKTeX 2.9\tex/latex/amsfonts\amsfonts.sty"
Package: amsfonts 2013/01/14 v3.01 Basic AMSFonts support
\symAMSa=\mathgroup4
\symAMSb=\mathgroup5
LaTeX Font Info:    Overwriting math alphabet `\mathfrak' in version `bold'
(Font)                  U/euf/m/n --> U/euf/b/n on input line 106.
)
("C:\Program Files\MiKTeX 2.9\tex/latex/amscls\amsthm.sty"
Package: amsthm 2017/10/31 v2.20.4
\thm@style=\toks19
\thm@bodyfont=\toks20
\thm@headfont=\toks21
\thm@notefont=\toks22
\thm@headpunct=\toks23
\thm@preskip=\skip46
\thm@postskip=\skip47
\thm@headsep=\skip48
\dth@everypar=\toks24
)
("C:\Program Files\MiKTeX 2.9\tex/latex/mathtools\mathtools.sty"
Package: mathtools 2019/07/31 v1.22 mathematical typesetting tools

("C:\Program Files\MiKTeX 2.9\tex/latex/graphics\keyval.sty"
Package: keyval 2014/10/28 v1.15 key=value parser (DPC)
\KV@toks@=\toks25
)
("C:\Program Files\MiKTeX 2.9\tex/latex/tools\calc.sty"
Package: calc 2017/05/25 v4.3 Infix arithmetic (KKT,FJ)
\calc@Acount=\count100
\calc@Bcount=\count101
\calc@Adimen=\dimen112
\calc@Bdimen=\dimen113
\calc@Askip=\skip49
\calc@Bskip=\skip50
LaTeX Info: Redefining \setlength on input line 80.
LaTeX Info: Redefining \addtolength on input line 81.
\calc@Ccount=\count102
\calc@Cskip=\skip51
)
("C:\Program Files\MiKTeX 2.9\tex/latex/mathtools\mhsetup.sty"
Package: mhsetup 2017/03/31 v1.3 programming setup (MH)
)
LaTeX Info: Thecontrolsequence`\('isalreadyrobust on input line 129.
LaTeX Info: Thecontrolsequence`\)'isalreadyrobust on input line 129.
LaTeX Info: Thecontrolsequence`\['isalreadyrobust on input line 129.
LaTeX Info: Thecontrolsequence`\]'isalreadyrobust on input line 129.
\g_MT_multlinerow_int=\count103
\l_MT_multwidth_dim=\dimen114
\origjot=\skip52
\l_MT_shortvdotswithinadjustabove_dim=\dimen115
\l_MT_shortvdotswithinadjustbelow_dim=\dimen116
\l_MT_above_intertext_sep=\dimen117
\l_MT_below_intertext_sep=\dimen118
\l_MT_above_shortintertext_sep=\dimen119
\l_MT_below_shortintertext_sep=\dimen120
)
("C:\Program Files\MiKTeX 2.9\tex/latex/geometry\geometry.sty"
Package: geometry 2018/04/16 v5.8 Page Geometry

("C:\Program Files\MiKTeX 2.9\tex/generic/oberdiek\ifpdf.sty"
Package: ifpdf 2018/09/07 v3.3 Provides the ifpdf switch
)
("C:\Program Files\MiKTeX 2.9\tex/generic/oberdiek\ifvtex.sty"
Package: ifvtex 2016/05/16 v1.6 Detect VTeX and its facilities (HO)
Package ifvtex Info: VTeX not detected.
)
("C:\Program Files\MiKTeX 2.9\tex/generic/ifxetex\ifxetex.sty"
Package: ifxetex 2010/09/12 v0.6 Provides ifxetex conditional
)
\Gm@cnth=\count104
\Gm@cntv=\count105
\c@Gm@tempcnt=\count106
\Gm@bindingoffset=\dimen121
\Gm@wd@mp=\dimen122
\Gm@odd@mp=\dimen123
\Gm@even@mp=\dimen124
\Gm@layoutwidth=\dimen125
\Gm@layoutheight=\dimen126
\Gm@layouthoffset=\dimen127
\Gm@layoutvoffset=\dimen128
\Gm@dimlist=\toks26

("C:\Program Files\MiKTeX 2.9\tex/latex/geometry\geometry.cfg"))
("C:\Program Files\MiKTeX 2.9\tex/latex/base\inputenc.sty"
Package: inputenc 2018/08/11 v1.3c Input encoding file
\inpenc@prehook=\toks27
\inpenc@posthook=\toks28
)
("C:\Program Files\MiKTeX 2.9\tex/generic/babel\babel.sty"
Package: babel 2019/09/27 3.34 The Babel package

("C:\Program Files\MiKTeX 2.9\tex/generic/babel\switch.def"
File: switch.def 2019/09/27 3.34 Babel switching mechanism
)
*************************************
* Local config file bblopts.cfg used
*
("C:\Program Files\MiKTeX 2.9\tex/latex/arabi\bblopts.cfg"
File: bblopts.cfg 2005/09/08 v0.1 add Arabic and Farsi to "declared" options of
 babel
)
("C:\Program Files\MiKTeX 2.9\tex/latex/babel-english\english.ldf"
Language: english 2017/06/06 v3.3r English support from the babel system

("C:\Program Files\MiKTeX 2.9\tex/generic/babel\babel.def"
File: babel.def 2019/09/27 3.34 Babel common definitions
\babel@savecnt=\count107
\U@D=\dimen129

("C:\Program Files\MiKTeX 2.9\tex/generic/babel\txtbabel.def")
\bbl@dirlevel=\count108
)
\l@canadian = a dialect from \language\l@american 
\l@australian = a dialect from \language\l@british 
\l@newzealand = a dialect from \language\l@british 
))
("C:\Program Files\MiKTeX 2.9\tex/latex/listings\listings.sty"
\lst@mode=\count109
\lst@gtempboxa=\box29
\lst@token=\toks29
\lst@length=\count110
\lst@currlwidth=\dimen130
\lst@column=\count111
\lst@pos=\count112
\lst@lostspace=\dimen131
\lst@width=\dimen132
\lst@newlines=\count113
\lst@lineno=\count114
\lst@maxwidth=\dimen133

("C:\Program Files\MiKTeX 2.9\tex/latex/listings\lstmisc.sty"
File: lstmisc.sty 2019/09/10 1.8c (Carsten Heinz)
\c@lstnumber=\count115
\lst@skipnumbers=\count116
\lst@framebox=\box30
)
("C:\Program Files\MiKTeX 2.9\tex/latex/listings\listings.cfg"
File: listings.cfg 2019/09/10 1.8c listings configuration
))
Package: listings 2019/09/10 1.8c (Carsten Heinz)

("C:\Program Files\MiKTeX 2.9\tex/latex/fundus-calligra\calligra.sty"
Package: calligra 2012/04/10 v1.9 LaTeX package calligra
)
("C:\Program Files\MiKTeX 2.9\tex/latex/base\fontenc.sty"
Package: fontenc 2018/08/11 v2.0j Standard LaTeX package

("C:\Program Files\MiKTeX 2.9\tex/latex/base\t1enc.def"
File: t1enc.def 2018/08/11 v2.0j Standard LaTeX file
LaTeX Font Info:    Redeclaring font encoding T1 on input line 48.
))
("C:\Program Files\MiKTeX 2.9\tex/generic/oberdiek\pdftexcmds.sty"
Package: pdftexcmds 2019/07/25 v0.30 Utility functions of pdfTeX for LuaTeX (HO
)

("C:\Program Files\MiKTeX 2.9\tex/generic/oberdiek\infwarerr.sty"
Package: infwarerr 2016/05/16 v1.4 Providing info/warning/error messages (HO)
)
("C:\Program Files\MiKTeX 2.9\tex/generic/oberdiek\ifluatex.sty"
Package: ifluatex 2016/05/16 v1.4 Provides the ifluatex switch (HO)
Package ifluatex Info: LuaTeX not detected.
)
("C:\Program Files\MiKTeX 2.9\tex/generic/oberdiek\ltxcmds.sty"
Package: ltxcmds 2016/05/16 v1.23 LaTeX kernel commands for general use (HO)
)
Package pdftexcmds Info: LuaTeX not detected.
Package pdftexcmds Info: \pdf@primitive is available.
Package pdftexcmds Info: \pdf@ifprimitive is available.
Package pdftexcmds Info: \pdfdraftmode found.
)
("C:\Program Files\MiKTeX 2.9\tex/latex/mhchem\mhchem.sty"
Package: mhchem 2018/06/22 v4.08 for typesetting chemical formulae

("C:\Program Files\MiKTeX 2.9\tex/latex/l3kernel\expl3.sty"
Package: expl3 2019-09-19 L3 programming layer (loader) 

("C:\Program Files\MiKTeX 2.9\tex/latex/l3kernel\expl3-code.tex"
Package: expl3 2019-09-19 L3 programming layer (code)
\c_max_int=\count117
\l_tmpa_int=\count118
\l_tmpb_int=\count119
\g_tmpa_int=\count120
\g_tmpb_int=\count121
\g__kernel_prg_map_int=\count122
\c__ior_term_noprompt_ior=\count123
\c_log_iow=\count124
\l_iow_line_count_int=\count125
\l__iow_line_target_int=\count126
\l__iow_one_indent_int=\count127
\l__iow_indent_int=\count128
\c_zero_dim=\dimen134
\c_max_dim=\dimen135
\l_tmpa_dim=\dimen136
\l_tmpb_dim=\dimen137
\g_tmpa_dim=\dimen138
\g_tmpb_dim=\dimen139
\c_zero_skip=\skip53
\c_max_skip=\skip54
\l_tmpa_skip=\skip55
\l_tmpb_skip=\skip56
\g_tmpa_skip=\skip57
\g_tmpb_skip=\skip58
\c_zero_muskip=\muskip11
\c_max_muskip=\muskip12
\l_tmpa_muskip=\muskip13
\l_tmpb_muskip=\muskip14
\g_tmpa_muskip=\muskip15
\g_tmpb_muskip=\muskip16
\l_keys_choice_int=\count129
\l__intarray_loop_int=\count130
\c__intarray_sp_dim=\dimen140
\g__intarray_font_int=\count131
\c__fp_leading_shift_int=\count132
\c__fp_middle_shift_int=\count133
\c__fp_trailing_shift_int=\count134
\c__fp_big_leading_shift_int=\count135
\c__fp_big_middle_shift_int=\count136
\c__fp_big_trailing_shift_int=\count137
\c__fp_Bigg_leading_shift_int=\count138
\c__fp_Bigg_middle_shift_int=\count139
\c__fp_Bigg_trailing_shift_int=\count140
\c__kernel_randint_max_int=\count141
\g__fp_array_int=\count142
\l__fp_array_loop_int=\count143
\l__sort_length_int=\count144
\l__sort_min_int=\count145
\l__sort_top_int=\count146
\l__sort_max_int=\count147
\l__sort_true_max_int=\count148
\l__sort_block_int=\count149
\l__sort_begin_int=\count150
\l__sort_end_int=\count151
\l__sort_A_int=\count152
\l__sort_B_int=\count153
\l__sort_C_int=\count154
\l__str_internal_int=\count155
\c__str_replacement_char_int=\count156
\l__tl_analysis_normal_int=\count157
\l__tl_analysis_index_int=\count158
\l__tl_analysis_nesting_int=\count159
\l__tl_analysis_type_int=\count160
\l__regex_internal_a_int=\count161
\l__regex_internal_b_int=\count162
\l__regex_internal_c_int=\count163
\l__regex_balance_int=\count164
\l__regex_group_level_int=\count165
\l__regex_mode_int=\count166
\c__regex_cs_in_class_mode_int=\count167
\c__regex_cs_mode_int=\count168
\l__regex_catcodes_int=\count169
\l__regex_default_catcodes_int=\count170
\c__regex_catcode_D_int=\count171
\c__regex_catcode_S_int=\count172
\c__regex_catcode_L_int=\count173
\c__regex_catcode_O_int=\count174
\c__regex_catcode_A_int=\count175
\c__regex_all_catcodes_int=\count176
\l__regex_show_lines_int=\count177
\l__regex_min_state_int=\count178
\l__regex_max_state_int=\count179
\l__regex_left_state_int=\count180
\l__regex_right_state_int=\count181
\l__regex_capturing_group_int=\count182
\l__regex_min_pos_int=\count183
\l__regex_max_pos_int=\count184
\l__regex_curr_pos_int=\count185
\l__regex_start_pos_int=\count186
\l__regex_success_pos_int=\count187
\l__regex_curr_char_int=\count188
\l__regex_curr_catcode_int=\count189
\l__regex_last_char_int=\count190
\l__regex_case_changed_char_int=\count191
\l__regex_curr_state_int=\count192
\l__regex_step_int=\count193
\l__regex_min_active_int=\count194
\l__regex_max_active_int=\count195
\l__regex_replacement_csnames_int=\count196
\l__regex_match_count_int=\count197
\l__regex_min_submatch_int=\count198
\l__regex_submatch_int=\count199
\l__regex_zeroth_submatch_int=\count266
\g__regex_trace_regex_int=\count267
\c_empty_box=\box31
\l_tmpa_box=\box32
\l_tmpb_box=\box33
\g_tmpa_box=\box34
\g_tmpb_box=\box35
\l__box_top_dim=\dimen141
\l__box_bottom_dim=\dimen142
\l__box_left_dim=\dimen143
\l__box_right_dim=\dimen144
\l__box_top_new_dim=\dimen145
\l__box_bottom_new_dim=\dimen146
\l__box_left_new_dim=\dimen147
\l__box_right_new_dim=\dimen148
\l__box_internal_box=\box36
\l__coffin_internal_box=\box37
\l__coffin_internal_dim=\dimen149
\l__coffin_offset_x_dim=\dimen150
\l__coffin_offset_y_dim=\dimen151
\l__coffin_x_dim=\dimen152
\l__coffin_y_dim=\dimen153
\l__coffin_x_prime_dim=\dimen154
\l__coffin_y_prime_dim=\dimen155
\c_empty_coffin=\box38
\l__coffin_aligned_coffin=\box39
\l__coffin_aligned_internal_coffin=\box40
\l_tmpa_coffin=\box41
\l_tmpb_coffin=\box42
\g_tmpa_coffin=\box43
\g_tmpb_coffin=\box44
\l__coffin_bounding_shift_dim=\dimen156
\l__coffin_left_corner_dim=\dimen157
\l__coffin_right_corner_dim=\dimen158
\l__coffin_bottom_corner_dim=\dimen159
\l__coffin_top_corner_dim=\dimen160
\l__coffin_scaled_total_height_dim=\dimen161
\l__coffin_scaled_width_dim=\dimen162
\c__coffin_empty_coffin=\box45
\l__coffin_display_coffin=\box46
\l__coffin_display_coord_coffin=\box47
\l__coffin_display_pole_coffin=\box48
\l__coffin_display_offset_dim=\dimen163
\l__coffin_display_x_dim=\dimen164
\l__coffin_display_y_dim=\dimen165
\g__char_data_ior=\read1
\l__seq_internal_a_int=\count268
\l__seq_internal_b_int=\count269
)
("C:\Program Files\MiKTeX 2.9\tex/latex/l3backend\l3backend-pdfmode.def"
File: l3backend-pdfmode.def 2019-04-06 v L3 backend support: PDF mode
\l__kernel_color_stack_int=\count270
\l__pdf_internal_box=\box49
))
("C:\Program Files\MiKTeX 2.9\tex/latex/l3packages/l3keys2e\l3keys2e.sty"
Package: l3keys2e 2019-05-28 LaTeX2e option processing using LaTeX3 keys
)
("C:\Program Files\MiKTeX 2.9\tex/latex/chemgreek\chemgreek.sty"
("C:\Program Files\MiKTeX 2.9\tex/latex/l3packages/xparse\xparse.sty"
Package: xparse 2019-05-28 L3 Experimental document command parser
\l__xparse_current_arg_int=\count271
\g__xparse_grabber_int=\count272
\l__xparse_m_args_int=\count273
\l__xparse_v_nesting_int=\count274
)
Package: chemgreek 2016/12/20 v1.1 interfaceforuprightgreeklettersforuseinchemi
stry (CN)
\l__chemgreek_tmpa_int=\count275
\g__chemgreek_tmpa_int=\count276
)
("C:\Program Files\MiKTeX 2.9\tex/latex/graphics\graphics.sty"
Package: graphics 2017/06/25 v1.2c Standard LaTeX Graphics (DPC,SPQR)

("C:\Program Files\MiKTeX 2.9\tex/latex/graphics\trig.sty"
Package: trig 2016/01/03 v1.10 sin cos tan (DPC)
)
("C:\Program Files\MiKTeX 2.9\tex/latex/graphics-cfg\graphics.cfg"
File: graphics.cfg 2016/06/04 v1.11 sample graphics configuration
)
Package graphics Info: Driver file: pdftex.def on input line 99.

("C:\Program Files\MiKTeX 2.9\tex/latex/graphics-def\pdftex.def"
File: pdftex.def 2018/01/08 v1.0l Graphics/color driver for pdftex
))
\l__mhchem_ce_distanceFromLastComma_int=\count277
\__mhchem_arrow_extPgfLength_skip=\skip59
\mhchem@minispace@tmp=\skip60
\mhchem@minibackspace@tmp=\skip61
\mhchem@bondwidth=\skip62
\mhchem@bondheight=\skip63
\mhchem@smallbondwidth@tmpA=\skip64
\mhchem@smallbondwidth@tmpB=\skip65
\mhchem@smallbondwidth=\skip66
\mhchem@bondtmp@minussidebearingleft=\skip67
\mhchem@bondtmp@minussidebearingright=\skip68
\l__mhchem_option_version_int=\count278
\mhchem@option@minusmathsidebearingleft=\dimen166
\mhchem@option@minusmathsidebearingright=\dimen167
\mhchem@option@minustextsidebearingleft=\dimen168
\mhchem@option@minustextsidebearingright=\dimen169
)
("C:\Program Files\MiKTeX 2.9\tex/latex/multirow\multirow.sty"
Package: multirow 2019/05/31 v2.5 Span multiple rows of a table
\multirow@colwidth=\skip69
\multirow@cntb=\count279
\multirow@dima=\skip70
\bigstrutjot=\dimen170
)
\c@mystate=\count280

("Salt Analysis.aux")
\openout1 = `"Salt Analysis.aux"'.

LaTeX Font Info:    Checking defaults for OML/cmm/m/it on input line 23.
LaTeX Font Info:    ... okay on input line 23.
LaTeX Font Info:    Checking defaults for T1/cmr/m/n on input line 23.
LaTeX Font Info:    ... okay on input line 23.
LaTeX Font Info:    Checking defaults for OT1/cmr/m/n on input line 23.
LaTeX Font Info:    ... okay on input line 23.
LaTeX Font Info:    Checking defaults for OMS/cmsy/m/n on input line 23.
LaTeX Font Info:    ... okay on input line 23.
LaTeX Font Info:    Checking defaults for OMX/cmex/m/n on input line 23.
LaTeX Font Info:    ... okay on input line 23.
LaTeX Font Info:    Checking defaults for U/cmr/m/n on input line 23.
LaTeX Font Info:    ... okay on input line 23.

("C:\Program Files\MiKTeX 2.9\tex/latex/graphics\graphicx.sty"
Package: graphicx 2017/06/01 v1.1a Enhanced LaTeX Graphics (DPC,SPQR)
\Gin@req@height=\dimen171
\Gin@req@width=\dimen172
)
*geometry* driver: auto-detecting
*geometry* detected driver: pdftex
*geometry* verbose mode - [ preamble ] result:
* driver: pdftex
* paper: a4paper
* layout: <same size as paper>
* layoutoffset:(h,v)=(0.0pt,0.0pt)
* modes: 
* h-part:(L,W,R)=(56.9055pt, 483.69687pt, 56.9055pt)
* v-part:(T,H,B)=(56.9055pt, 731.23584pt, 56.9055pt)
* \paperwidth=597.50787pt
* \paperheight=845.04684pt
* \textwidth=483.69687pt
* \textheight=731.23584pt
* \oddsidemargin=-15.36449pt
* \evensidemargin=-15.36449pt
* \topmargin=-52.36449pt
* \headheight=12.0pt
* \headsep=25.0pt
* \topskip=10.0pt
* \footskip=30.0pt
* \marginparwidth=57.0pt
* \marginparsep=11.0pt
* \columnsep=10.0pt
* \skip\footins=9.0pt plus 4.0pt minus 2.0pt
* \hoffset=0.0pt
* \voffset=0.0pt
* \mag=1000
* \@twocolumnfalse
* \@twosidefalse
* \@mparswitchfalse
* \@reversemarginfalse
* (1in=72.27pt=25.4mm, 1cm=28.453pt)

\c@lstlisting=\count281

Package chemgreek Info: Activating mapping `default' on line 23.

("C:\Program Files\MiKTeX 2.9\tex/context/base/mkii\supp-pdf.mkii"
[Loading MPS to PDF converter (version 2006.09.02).]
\scratchcounter=\count282
\scratchdimen=\dimen173
\scratchbox=\box50
\nofMPsegments=\count283
\nofMParguments=\count284
\everyMPshowfont=\toks30
\MPscratchCnt=\count285
\MPscratchDim=\dimen174
\MPnumerator=\count286
\makeMPintoPDFobject=\count287
\everyMPtoPDFconversion=\toks31
) ("C:\Program Files\MiKTeX 2.9\tex/latex/oberdiek\epstopdf-base.sty"
Package: epstopdf-base 2016/05/15 v2.6 Base part for package epstopdf

("C:\Program Files\MiKTeX 2.9\tex/latex/oberdiek\grfext.sty"
Package: grfext 2016/05/16 v1.2 Manage graphics extensions (HO)

("C:\Program Files\MiKTeX 2.9\tex/generic/oberdiek\kvdefinekeys.sty"
Package: kvdefinekeys 2016/05/16 v1.4 Define keys (HO)
))
("C:\Program Files\MiKTeX 2.9\tex/latex/oberdiek\kvoptions.sty"
Package: kvoptions 2016/05/16 v3.12 Key value format for package options (HO)

("C:\Program Files\MiKTeX 2.9\tex/generic/oberdiek\kvsetkeys.sty"
Package: kvsetkeys 2016/05/16 v1.17 Key value parser (HO)

("C:\Program Files\MiKTeX 2.9\tex/generic/oberdiek\etexcmds.sty"
Package: etexcmds 2016/05/16 v1.6 Avoid name clashes with e-TeX commands (HO)
)))
Package epstopdf-base Info: Redefining graphics rule for `.eps' on input line 4
38.
Package grfext Info: Graphics extension search list:
(grfext)             [.pdf,.png,.jpg,.mps,.jpeg,.jbig2,.jb2,.PDF,.PNG,.JPG,.JPE
G,.JBIG2,.JB2,.eps]
(grfext)             \AppendGraphicsExtensions on input line 456.
)
Underfull \hbox (badness 10000) in paragraph at lines 32--33

 []

LaTeX Font Info:    Try loading font information for U+msa on input line 34.
("C:\Program Files\MiKTeX 2.9\tex/latex/amsfonts\umsa.fd"
File: umsa.fd 2013/01/14 v3.01 AMS symbols A
)
LaTeX Font Info:    Try loading font information for U+msb on input line 34.

("C:\Program Files\MiKTeX 2.9\tex/latex/amsfonts\umsb.fd"
File: umsb.fd 2013/01/14 v3.01 AMS symbols B
)
Underfull \hbox (badness 10000) in paragraph at lines 38--38

 []


Underfull \hbox (badness 1394) in paragraph at lines 38--38
[]\T1/cmr/m/n/10 Absence of $[][][]$, $[][][]$, $[][][]$,
 []


Underfull \hbox (badness 4954) in paragraph at lines 42--42
\T1/cmr/m/n/10 Soluble and pre-cip-i-tate with
 []


Underfull \hbox (badness 2556) in paragraph at lines 45--45
[]\T1/cmr/m/n/10 Colourless and Odour-less gas
 []


Underfull \hbox (badness 10000) in paragraph at lines 45--45

 []


Underfull \hbox (badness 10000) in paragraph at lines 45--45

 []


Underfull \hbox (badness 1472) in paragraph at lines 45--45
\T1/cmr/m/n/10 Absence of $[][][][][][][]$, $[][][][][][]$,
 []


Overfull \hbox (13.16507pt too wide) in paragraph at lines 34--49
[] 
 []

[1

{C:/Users/Edilebert/AppData/Local/MiKTeX/2.9/pdftex/config/pdftex.map}]
[2] [3]
Underfull \hbox (badness 10000) in paragraph at lines 88--88
[]\T1/cmr/m/n/10 Group 1
 []


Overfull \hbox (1.2192pt too wide) in paragraph at lines 89--89
[]\T1/cmr/m/n/10 observation...
 []


Underfull \hbox (badness 10000) in paragraph at lines 89--89
\T1/cmr/m/n/10 Pres-ence of
 []


Underfull \hbox (badness 8038) in paragraph at lines 89--89
[]\T1/cmr/m/n/10 if group 1
 []


Underfull \hbox (badness 10000) in paragraph at lines 89--89
\T1/cmr/m/n/10 test fails,
 []


Underfull \hbox (badness 10000) in paragraph at lines 89--89
\T1/cmr/m/n/10 Group 2
 []


Underfull \hbox (badness 10000) in paragraph at lines 90--90
[]\T1/cmr/m/n/10 observation
 []


Underfull \hbox (badness 8038) in paragraph at lines 90--90
[]\T1/cmr/m/n/10 if group 2
 []


Underfull \hbox (badness 10000) in paragraph at lines 90--90
\T1/cmr/m/n/10 test fails,
 []


Underfull \hbox (badness 10000) in paragraph at lines 90--90
\T1/cmr/m/n/10 Group 3
 []


Underfull \hbox (badness 10000) in paragraph at lines 91--91
[]\T1/cmr/m/n/10 observation
 []


Underfull \hbox (badness 8038) in paragraph at lines 91--91
[]\T1/cmr/m/n/10 if group 3
 []


Underfull \hbox (badness 10000) in paragraph at lines 91--91
\T1/cmr/m/n/10 test fails,
 []


Underfull \hbox (badness 10000) in paragraph at lines 91--91
\T1/cmr/m/n/10 Group 4
 []


Underfull \hbox (badness 10000) in paragraph at lines 92--92
[]\T1/cmr/m/n/10 observation
 []


Underfull \hbox (badness 8038) in paragraph at lines 92--92
[]\T1/cmr/m/n/10 if group 4
 []


Underfull \hbox (badness 10000) in paragraph at lines 92--92
\T1/cmr/m/n/10 test fails,
 []


Underfull \hbox (badness 10000) in paragraph at lines 92--92
\T1/cmr/m/n/10 Group 5
 []


Underfull \hbox (badness 10000) in paragraph at lines 93--93
[]\T1/cmr/m/n/10 observation
 []


Underfull \hbox (badness 8038) in paragraph at lines 93--93
[]\T1/cmr/m/n/10 if group 5
 []


Underfull \hbox (badness 10000) in paragraph at lines 93--93
\T1/cmr/m/n/10 test fails,
 []


Underfull \hbox (badness 10000) in paragraph at lines 93--93
\T1/cmr/m/n/10 Group 6
 []


Underfull \hbox (badness 10000) in paragraph at lines 94--94
[]\T1/cmr/m/n/10 observation
 []


Underfull \hbox (badness 10000) in paragraph at lines 94--94
[]\T1/cmr/m/n/10 Presence
 []

[4]
LaTeX Font Info:    Try loading font information for OMS+cmr on input line 113.

 ("C:\Program Files\MiKTeX 2.9\tex/latex/base\omscmr.fd"
File: omscmr.fd 2014/09/29 v2.5h Standard LaTeX font definitions
)
LaTeX Font Info:    Font shape `OMS/cmr/m/n' in size <10> not available
(Font)              Font shape `OMS/cmsy/m/n' tried instead on input line 113.

Underfull \hbox (badness 10000) in paragraph at lines 116--117

 []

[5] ("Salt Analysis.aux") ) 
Here is how much of TeX's memory you used:
 16390 strings out of 492891
 296777 string characters out of 3133336
 371663 words of memory out of 3000000
 20161 multiletter control sequences out of 15000+200000
 549501 words of font info for 68 fonts, out of 3000000 for 9000
 1141 hyphenation exceptions out of 8191
 41i,24n,63p,609b,486s stack positions out of 5000i,500n,10000p,200000b,50000s
{C:/Program Files/MiKTeX 2.9/fonts/enc/dvips/cm-supe
r/cm-super-t1.enc}<C:/Program Files/MiKTeX 2.9/fonts/type1/public/amsfonts/cm/c
mbx8.pfb><C:/Program Files/MiKTeX 2.9/fonts/type1/public/amsfonts/cm/cmr7.pfb><
C:/Program Files/MiKTeX 2.9/fonts/type1/public/amsfonts/cm/cmsy10.pfb><C:/Progr
am Files/MiKTeX 2.9/fonts/type1/public/cm-super/sfbx1000.pfb><C:/Program Files/
MiKTeX 2.9/fonts/type1/public/cm-super/sfbx1200.pfb><C:/Program Files/MiKTeX 2.
9/fonts/type1/public/cm-super/sfbx1440.pfb><C:/Program Files/MiKTeX 2.9/fonts/t
ype1/public/cm-super/sfcc1000.pfb><C:/Program Files/MiKTeX 2.9/fonts/type1/publ
ic/cm-super/sfcc2488.pfb><C:/Program Files/MiKTeX 2.9/fonts/type1/public/cm-sup
er/sfrm0700.pfb><C:/Program Files/MiKTeX 2.9/fonts/type1/public/cm-super/sfrm10
00.pfb><C:/Program Files/MiKTeX 2.9/fonts/type1/public/cm-super/sfti1000.pfb>
Output written on "Salt Analysis.pdf" (5 pages, 145381 bytes).
PDF statistics:
 63 PDF objects out of 1000 (max. 8388607)
 0 named destinations out of 1000 (max. 500000)
 1 words of extra memory for PDF output out of 10000 (max. 10000000)

